<?xml version="1.0" encoding="UTF-8"?>
<testsuite name="com.example.demo.EcommerceApplicationTest" time="0.044" tests="13" errors="0" skipped="0" failures="0">
  <properties>
[...]
</properties>
  <testcase name="TestAddToCartUserNotFound" classname="com.example.demo.EcommerceApplicationTest" time="0.019"/>
  <testcase name="TestGetUserByUsername" classname="com.example.demo.EcommerceApplicationTest" time="0.002"/>
  <testcase name="TestSubmitOrder" classname="com.example.demo.EcommerceApplicationTest" time="0.003"/>
  <testcase name="TestGetItems" classname="com.example.demo.EcommerceApplicationTest" time="0.002"/>
  <testcase name="TestGetItemsByName" classname="com.example.demo.EcommerceApplicationTest" time="0.002"/>
  <testcase name="TestGetOrdersForUser" classname="com.example.demo.EcommerceApplicationTest" time="0.002"/>
  <testcase name="TestAddToCartItemNotFound" classname="com.example.demo.EcommerceApplicationTest" time="0.001"/>
  <testcase name="TestCreateUser" classname="com.example.demo.EcommerceApplicationTest" time="0.002"/>
  <testcase name="TestGetUserById" classname="com.example.demo.EcommerceApplicationTest" time="0.002"/>
  <testcase name="TestGetUserByUsernameNotFound" classname="com.example.demo.EcommerceApplicationTest" time="0.003"/>
  <testcase name="TestAddToCart" classname="com.example.demo.EcommerceApplicationTest" time="0.002"/>
  <testcase name="TestGetItemById" classname="com.example.demo.EcommerceApplicationTest" time="0.002"/>
  <testcase name="TestRemoveFromCart" classname="com.example.demo.EcommerceApplicationTest" time="0.002"/>
</testsuite>